<?xml version="1.0" encoding="UTF-8"?>
<!-- Generated by org.testng.reporters.JUnitXMLReporter -->
<testsuite ignored="0" hostname="DESKTOP-MQN705O" failures="0" tests="3" name="Default test" time="167.302" errors="0" timestamp="2023-09-08T17:44:52 EET">
  <testcase classname="MyTestCases2" name="TestTheTitle" time="0.099"/>
  <testcase classname="MyTestCases2" name="AddToCart" time="3.619"/>
  <testcase classname="MyTestCases2" name="RemovefromCart" time="0.284"/>
</testsuite> <!-- Default test -->
